<?xml version="1.0" encoding="UTF-8"?>
<testsuite xmlns:xsi="http://www.w3.org/2001/XMLSchema-instance" xsi:noNamespaceSchemaLocation="https://maven.apache.org/surefire/maven-surefire-plugin/xsd/surefire-test-report.xsd" version="3.0.2" name="com.techstore.TechStoreApplicationTests" time="3.751" tests="4" errors="0" skipped="0" failures="0">
  <properties>
[...]
</properties>
  <testcase name="testAutenticacionExitosa" classname="com.techstore.TechStoreApplicationTests" time="0.202">
    <system-out><![CDATA[19:45:27.738 [main] INFO org.springframework.test.context.support.AnnotationConfigContextLoaderUtils -- Could not detect default configuration classes for test class [com.techstore.TechStoreApplicationTests]: TechStoreApplicationTests does not declare any static, non-private, non-final, nested classes annotated with @Configuration.
19:45:27.816 [main] INFO org.springframework.boot.test.context.SpringBootTestContextBootstrapper -- Found @SpringBootConfiguration com.techstore.TechStoreApplication for test class com.techstore.TechStoreApplicationTests
19:45:27.931 [main] INFO org.springframework.boot.devtools.restart.RestartApplicationListener -- Restart disabled due to context in which it is running

  .   ____          _            __ _ _
 /\\ / ___'_ __ _ _(_)_ __  __ _ \ \ \ \
( ( )\___ | '_ | '_| | '_ \/ _` | \ \ \ \
 \\/  ___)| |_)| | | | | || (_| |  ) ) ) )
  '  |____| .__|_| |_|_| |_\__, | / / / /
 =========|_|==============|___/=/_/_/_/

 :: Spring Boot ::                (v3.5.6)

2026-09-19T19:45:28.106-03:00  INFO 32324 --- [techstore-mvc] [           main] c.techstore.TechStoreApplicationTests    : Starting TechStoreApplicationTests using Java 26.0.2.1 with PID 32324 (started by Lucho in C:\Users\Lucho\Desktop\software-engineering\individual-5\mvc-ia)
2026-09-19T19:45:28.107-03:00  INFO 32324 --- [techstore-mvc] [           main] c.techstore.TechStoreApplicationTests    : No active profile set, falling back to 1 default profile: "default"
2026-09-19T19:45:28.520-03:00  INFO 32324 --- [techstore-mvc] [           main] .s.d.r.c.RepositoryConfigurationDelegate : Bootstrapping Spring Data JPA repositories in DEFAULT mode.
2026-09-19T19:45:28.574-03:00  INFO 32324 --- [techstore-mvc] [           main] .s.d.r.c.RepositoryConfigurationDelegate : Finished Spring Data repository scanning in 42 ms. Found 7 JPA repository interfaces.
2026-09-19T19:45:28.862-03:00  INFO 32324 --- [techstore-mvc] [           main] o.hibernate.jpa.internal.util.LogHelper  : HHH000204: Processing PersistenceUnitInfo [name: default]
2026-09-19T19:45:28.914-03:00  INFO 32324 --- [techstore-mvc] [           main] org.hibernate.Version                    : HHH000412: Hibernate ORM core version 6.6.29.Final
2026-09-19T19:45:28.942-03:00  INFO 32324 --- [techstore-mvc] [           main] o.h.c.internal.RegionFactoryInitiator    : HHH000026: Second-level cache disabled
2026-09-19T19:45:29.161-03:00  INFO 32324 --- [techstore-mvc] [           main] o.s.o.j.p.SpringPersistenceUnitInfo      : No LoadTimeWeaver setup: ignoring JPA class transformer
2026-09-19T19:45:29.183-03:00  INFO 32324 --- [techstore-mvc] [           main] com.zaxxer.hikari.HikariDataSource       : HikariPool-1 - Starting...
2026-09-19T19:45:29.237-03:00  INFO 32324 --- [techstore-mvc] [           main] com.zaxxer.hikari.pool.HikariPool        : HikariPool-1 - Added connection org.sqlite.jdbc4.JDBC4Connection@6e9a10cd
2026-09-19T19:45:29.239-03:00  INFO 32324 --- [techstore-mvc] [           main] com.zaxxer.hikari.HikariDataSource       : HikariPool-1 - Start completed.
2026-09-19T19:45:29.268-03:00  INFO 32324 --- [techstore-mvc] [           main] org.hibernate.orm.connections.pooling    : HHH10001005: Database info:
	Database JDBC URL [Connecting through datasource 'HikariDataSource (HikariPool-1)']
	Database driver: undefined/unknown
	Database version: 3.50.3
	Autocommit mode: undefined/unknown
	Isolation level: undefined/unknown
	Minimum pool size: undefined/unknown
	Maximum pool size: undefined/unknown
2026-09-19T19:45:29.857-03:00  INFO 32324 --- [techstore-mvc] [           main] o.h.e.t.j.p.i.JtaPlatformInitiator       : HHH000489: No JTA platform available (set 'hibernate.transaction.jta.platform' to enable JTA platform integration)
Hibernate: 
    create table categorias (
        id integer,
        codigo varchar(30) not null unique,
        descripcion varchar(300),
        nombre varchar(100) not null,
        primary key (id)
    )
Hibernate: 
    create table detalles_orden_compra (
        id integer,
        cantidad integer not null,
        precio_unitario float not null,
        subtotal float not null,
        orden_compra_id bigint not null,
        producto_id bigint not null,
        primary key (id)
    )
Hibernate: 
    create table ordenes_compra (
        id integer,
        estado varchar(20) not null check (estado in ('PENDIENTE','RECIBIDA','CANCELADA')),
        fecha_emision date not null,
        fecha_entrega_estimada date not null,
        numero varchar(30) not null unique,
        total float not null,
        encargado_compras_id bigint not null,
        proveedor_id bigint not null,
        primary key (id)
    )
Hibernate: 
    create table productos (
        tipo_producto varchar(31) not null,
        id integer,
        activo boolean not null,
        codigo varchar(30) not null unique,
        descripcion varchar(500),
        nombre varchar(120) not null,
        precio_venta float not null,
        clave_licencia varchar(100),
        url_descarga varchar(255),
        vigencia_dias integer,
        peso float,
        stock integer,
        stock_minimo integer,
        ubicacion_deposito varchar(100),
        categoria_id bigint,
        primary key (id)
    )
Hibernate: 
    create table proveedores (
        id integer,
        activo boolean not null,
        codigo varchar(30) not null unique,
        cuit varchar(20) not null unique,
        direccion varchar(200),
        email varchar(100),
        razon_social varchar(150) not null,
        telefono varchar(30),
        primary key (id)
    )
Hibernate: 
    create table usuarios (
        rol varchar(31) not null,
        id integer,
        activo boolean not null,
        apellido varchar(60) not null,
        email varchar(100) not null,
        nombre varchar(60) not null,
        nombre_usuario varchar(50) not null unique,
        password varchar(255) not null,
        primary key (id)
    )
Hibernate: 
    alter table categorias 
       drop constraint UKfhqjtgviowc3q8cvy619j4w8u
Hibernate: 
    alter table ordenes_compra 
       drop constraint UKci1e9cmymflmww3l7da6e05rr
Hibernate: 
    alter table productos 
       drop constraint UKh04wpyqwddobltuqq56cp6s05
Hibernate: 
    alter table proveedores 
       drop constraint UKfmaph4yfgge9p0685xf7paqn
Hibernate: 
    alter table proveedores 
       drop constraint UKercly2jrt4i29dmat88guxoxw
Hibernate: 
    alter table usuarios 
       drop constraint UKof5vabgukahdwmgxk4kjrbu98
2026-09-19T19:45:29.895-03:00  INFO 32324 --- [techstore-mvc] [           main] j.LocalContainerEntityManagerFactoryBean : Initialized JPA EntityManagerFactory for persistence unit 'default'
2026-09-19T19:45:30.118-03:00  INFO 32324 --- [techstore-mvc] [           main] o.s.d.j.r.query.QueryEnhancerFactory     : Hibernate is in classpath; If applicable, HQL parser will be used.
2026-09-19T19:45:31.026-03:00  INFO 32324 --- [techstore-mvc] [           main] c.techstore.TechStoreApplicationTests    : Started TechStoreApplicationTests in 3.106 seconds (process running for 3.692)
Hibernate: 
    select
        count(*) 
    from
        usuarios u1_0
>>> [INICIALIZACIÓN] Sembrando datos de demostración en SQLite...
Hibernate: 
    insert 
    into
        usuarios
        (activo, apellido, email, nombre, nombre_usuario, password, rol) 
    values
        (?, ?, ?, ?, ?, ?, 'ADMIN')
Hibernate: 
    select
        last_insert_rowid()
Hibernate: 
    insert 
    into
        usuarios
        (activo, apellido, email, nombre, nombre_usuario, password, rol) 
    values
        (?, ?, ?, ?, ?, ?, 'COMPRAS')
Hibernate: 
    select
        last_insert_rowid()
Hibernate: 
    insert 
    into
        usuarios
        (activo, apellido, email, nombre, nombre_usuario, password, rol) 
    values
        (?, ?, ?, ?, ?, ?, 'VENDEDOR')
Hibernate: 
    select
        last_insert_rowid()
Hibernate: 
    insert 
    into
        categorias
        (codigo, descripcion, nombre) 
    values
        (?, ?, ?)
Hibernate: 
    select
        last_insert_rowid()
Hibernate: 
    insert 
    into
        categorias
        (codigo, descripcion, nombre) 
    values
        (?, ?, ?)
Hibernate: 
    select
        last_insert_rowid()
Hibernate: 
    insert 
    into
        categorias
        (codigo, descripcion, nombre) 
    values
        (?, ?, ?)
Hibernate: 
    select
        last_insert_rowid()
Hibernate: 
    insert 
    into
        categorias
        (codigo, descripcion, nombre) 
    values
        (?, ?, ?)
Hibernate: 
    select
        last_insert_rowid()
Hibernate: 
    insert 
    into
        proveedores
        (activo, codigo, cuit, direccion, email, razon_social, telefono) 
    values
        (?, ?, ?, ?, ?, ?, ?)
Hibernate: 
    select
        last_insert_rowid()
Hibernate: 
    insert 
    into
        proveedores
        (activo, codigo, cuit, direccion, email, razon_social, telefono) 
    values
        (?, ?, ?, ?, ?, ?, ?)
Hibernate: 
    select
        last_insert_rowid()
Hibernate: 
    insert 
    into
        proveedores
        (activo, codigo, cuit, direccion, email, razon_social, telefono) 
    values
        (?, ?, ?, ?, ?, ?, ?)
Hibernate: 
    select
        last_insert_rowid()
Hibernate: 
    insert 
    into
        proveedores
        (activo, codigo, cuit, direccion, email, razon_social, telefono) 
    values
        (?, ?, ?, ?, ?, ?, ?)
Hibernate: 
    select
        last_insert_rowid()
Hibernate: 
    insert 
    into
        productos
        (activo, categoria_id, codigo, descripcion, nombre, precio_venta, peso, stock, stock_minimo, ubicacion_deposito, tipo_producto) 
    values
        (?, ?, ?, ?, ?, ?, ?, ?, ?, ?, 'FISICO')
Hibernate: 
    select
        last_insert_rowid()
Hibernate: 
    insert 
    into
        productos
        (activo, categoria_id, codigo, descripcion, nombre, precio_venta, peso, stock, stock_minimo, ubicacion_deposito, tipo_producto) 
    values
        (?, ?, ?, ?, ?, ?, ?, ?, ?, ?, 'FISICO')
Hibernate: 
    select
        last_insert_rowid()
Hibernate: 
    insert 
    into
        productos
        (activo, categoria_id, codigo, descripcion, nombre, precio_venta, peso, stock, stock_minimo, ubicacion_deposito, tipo_producto) 
    values
        (?, ?, ?, ?, ?, ?, ?, ?, ?, ?, 'FISICO')
Hibernate: 
    select
        last_insert_rowid()
Hibernate: 
    insert 
    into
        productos
        (activo, categoria_id, codigo, descripcion, nombre, precio_venta, peso, stock, stock_minimo, ubicacion_deposito, tipo_producto) 
    values
        (?, ?, ?, ?, ?, ?, ?, ?, ?, ?, 'FISICO')
Hibernate: 
    select
        last_insert_rowid()
Hibernate: 
    insert 
    into
        productos
        (activo, categoria_id, codigo, descripcion, nombre, precio_venta, clave_licencia, url_descarga, vigencia_dias, tipo_producto) 
    values
        (?, ?, ?, ?, ?, ?, ?, ?, ?, 'DIGITAL')
Hibernate: 
    select
        last_insert_rowid()
Hibernate: 
    insert 
    into
        productos
        (activo, categoria_id, codigo, descripcion, nombre, precio_venta, clave_licencia, url_descarga, vigencia_dias, tipo_producto) 
    values
        (?, ?, ?, ?, ?, ?, ?, ?, ?, 'DIGITAL')
Hibernate: 
    select
        last_insert_rowid()
Hibernate: 
    insert 
    into
        ordenes_compra
        (encargado_compras_id, estado, fecha_emision, fecha_entrega_estimada, numero, proveedor_id, total) 
    values
        (?, ?, ?, ?, ?, ?, ?)
Hibernate: 
    select
        last_insert_rowid()
Hibernate: 
    insert 
    into
        detalles_orden_compra
        (cantidad, orden_compra_id, precio_unitario, producto_id, subtotal) 
    values
        (?, ?, ?, ?, ?)
Hibernate: 
    select
        last_insert_rowid()
Hibernate: 
    insert 
    into
        ordenes_compra
        (encargado_compras_id, estado, fecha_emision, fecha_entrega_estimada, numero, proveedor_id, total) 
    values
        (?, ?, ?, ?, ?, ?, ?)
Hibernate: 
    select
        last_insert_rowid()
Hibernate: 
    insert 
    into
        detalles_orden_compra
        (cantidad, orden_compra_id, precio_unitario, producto_id, subtotal) 
    values
        (?, ?, ?, ?, ?)
Hibernate: 
    select
        last_insert_rowid()
Hibernate: 
    insert 
    into
        detalles_orden_compra
        (cantidad, orden_compra_id, precio_unitario, producto_id, subtotal) 
    values
        (?, ?, ?, ?, ?)
Hibernate: 
    select
        last_insert_rowid()
>>> [INICIALIZACIÓN] Base de datos SQLite inicializada exitosamente.
Hibernate: 
    select
        u1_0.id,
        u1_0.rol,
        u1_0.activo,
        u1_0.apellido,
        u1_0.email,
        u1_0.nombre,
        u1_0.nombre_usuario,
        u1_0.password 
    from
        usuarios u1_0 
    where
        u1_0.nombre_usuario=? 
        and u1_0.activo=1
]]></system-out>
    <system-err><![CDATA[Mockito is currently self-attaching to enable the inline-mock-maker. This will no longer work in future releases of the JDK. Please add Mockito as an agent to your build as described in Mockito's documentation: https://javadoc.io/doc/org.mockito/mockito-core/latest/org.mockito/org/mockito/Mockito.html#0.3
WARNING: A Java agent has been loaded dynamically (C:\Users\Lucho\.m2\repository\net\bytebuddy\byte-buddy-agent\1.17.7\byte-buddy-agent-1.17.7.jar)
WARNING: If a serviceability tool is in use, please run with -XX:+EnableDynamicAgentLoading to hide this warning
WARNING: If a serviceability tool is not in use, please run with -Djdk.instrument.traceUsage for more information
WARNING: Dynamic loading of agents will be disallowed by default in a future release
]]></system-err>
  </testcase>
  <testcase name="testAutenticacionFallida" classname="com.techstore.TechStoreApplicationTests" time="0.005">
    <system-out><![CDATA[Hibernate: 
    select
        u1_0.id,
        u1_0.rol,
        u1_0.activo,
        u1_0.apellido,
        u1_0.email,
        u1_0.nombre,
        u1_0.nombre_usuario,
        u1_0.password 
    from
        usuarios u1_0 
    where
        u1_0.nombre_usuario=? 
        and u1_0.activo=1
]]></system-out>
  </testcase>
  <testcase name="testActualizacionStockAlConfirmarRecepcion" classname="com.techstore.TechStoreApplicationTests" time="0.049">
    <system-out><![CDATA[Hibernate: 
    select
        p1_0.id,
        p1_0.tipo_producto,
        p1_0.activo,
        p1_0.categoria_id,
        p1_0.codigo,
        p1_0.descripcion,
        p1_0.nombre,
        p1_0.precio_venta,
        p1_0.clave_licencia,
        p1_0.url_descarga,
        p1_0.vigencia_dias,
        p1_0.peso,
        p1_0.stock,
        p1_0.stock_minimo,
        p1_0.ubicacion_deposito 
    from
        productos p1_0 
    where
        p1_0.codigo=?
Hibernate: 
    select
        c1_0.id,
        c1_0.codigo,
        c1_0.descripcion,
        c1_0.nombre 
    from
        categorias c1_0 
    where
        c1_0.id=?
Hibernate: 
    select
        p1_0.id,
        p1_0.activo,
        p1_0.codigo,
        p1_0.cuit,
        p1_0.direccion,
        p1_0.email,
        p1_0.razon_social,
        p1_0.telefono 
    from
        proveedores p1_0
Hibernate: 
    select
        u1_0.id,
        u1_0.rol,
        u1_0.activo,
        u1_0.apellido,
        u1_0.email,
        u1_0.nombre,
        u1_0.nombre_usuario,
        u1_0.password 
    from
        usuarios u1_0 
    where
        u1_0.nombre_usuario=?
Hibernate: 
    select
        p1_0.id,
        p1_0.activo,
        p1_0.codigo,
        p1_0.cuit,
        p1_0.direccion,
        p1_0.email,
        p1_0.razon_social,
        p1_0.telefono 
    from
        proveedores p1_0 
    where
        p1_0.id=?
Hibernate: 
    select
        u1_0.id,
        u1_0.rol,
        u1_0.activo,
        u1_0.apellido,
        u1_0.email,
        u1_0.nombre,
        u1_0.nombre_usuario,
        u1_0.password 
    from
        usuarios u1_0 
    where
        u1_0.nombre_usuario=?
Hibernate: 
    select
        p1_0.id,
        p1_0.tipo_producto,
        p1_0.activo,
        c1_0.id,
        c1_0.codigo,
        c1_0.descripcion,
        c1_0.nombre,
        p1_0.codigo,
        p1_0.descripcion,
        p1_0.nombre,
        p1_0.precio_venta,
        p1_0.clave_licencia,
        p1_0.url_descarga,
        p1_0.vigencia_dias,
        p1_0.peso,
        p1_0.stock,
        p1_0.stock_minimo,
        p1_0.ubicacion_deposito 
    from
        productos p1_0 
    left join
        categorias c1_0 
            on c1_0.id=p1_0.categoria_id 
    where
        p1_0.id=?
Hibernate: 
    insert 
    into
        ordenes_compra
        (encargado_compras_id, estado, fecha_emision, fecha_entrega_estimada, numero, proveedor_id, total) 
    values
        (?, ?, ?, ?, ?, ?, ?)
Hibernate: 
    select
        last_insert_rowid()
Hibernate: 
    insert 
    into
        detalles_orden_compra
        (cantidad, orden_compra_id, precio_unitario, producto_id, subtotal) 
    values
        (?, ?, ?, ?, ?)
Hibernate: 
    select
        last_insert_rowid()
Hibernate: 
    select
        odc1_0.id,
        odc1_0.encargado_compras_id,
        ec1_0.id,
        ec1_0.rol,
        ec1_0.activo,
        ec1_0.apellido,
        ec1_0.email,
        ec1_0.nombre,
        ec1_0.nombre_usuario,
        ec1_0.password,
        odc1_0.estado,
        odc1_0.fecha_emision,
        odc1_0.fecha_entrega_estimada,
        odc1_0.numero,
        odc1_0.proveedor_id,
        p1_0.id,
        p1_0.activo,
        p1_0.codigo,
        p1_0.cuit,
        p1_0.direccion,
        p1_0.email,
        p1_0.razon_social,
        p1_0.telefono,
        odc1_0.total,
        d1_0.orden_compra_id,
        d1_0.id,
        d1_0.cantidad,
        d1_0.precio_unitario,
        d1_0.producto_id,
        p2_0.id,
        p2_0.tipo_producto,
        p2_0.activo,
        c1_0.id,
        c1_0.codigo,
        c1_0.descripcion,
        c1_0.nombre,
        p2_0.codigo,
        p2_0.descripcion,
        p2_0.nombre,
        p2_0.precio_venta,
        p2_0.clave_licencia,
        p2_0.url_descarga,
        p2_0.vigencia_dias,
        p2_0.peso,
        p2_0.stock,
        p2_0.stock_minimo,
        p2_0.ubicacion_deposito,
        d1_0.subtotal 
    from
        ordenes_compra odc1_0 
    join
        usuarios ec1_0 
            on ec1_0.id=odc1_0.encargado_compras_id 
    join
        proveedores p1_0 
            on p1_0.id=odc1_0.proveedor_id 
    left join
        detalles_orden_compra d1_0 
            on odc1_0.id=d1_0.orden_compra_id 
    left join
        productos p2_0 
            on p2_0.id=d1_0.producto_id 
    left join
        categorias c1_0 
            on c1_0.id=p2_0.categoria_id 
    where
        odc1_0.id=?
Hibernate: 
    update
        productos 
    set
        activo=?,
        categoria_id=?,
        codigo=?,
        descripcion=?,
        nombre=?,
        precio_venta=?,
        peso=?,
        stock=?,
        stock_minimo=?,
        ubicacion_deposito=? 
    where
        id=?
Hibernate: 
    update
        ordenes_compra 
    set
        encargado_compras_id=?,
        estado=?,
        fecha_emision=?,
        fecha_entrega_estimada=?,
        numero=?,
        proveedor_id=?,
        total=? 
    where
        id=?
Hibernate: 
    select
        p1_0.id,
        p1_0.tipo_producto,
        p1_0.activo,
        c1_0.id,
        c1_0.codigo,
        c1_0.descripcion,
        c1_0.nombre,
        p1_0.codigo,
        p1_0.descripcion,
        p1_0.nombre,
        p1_0.precio_venta,
        p1_0.clave_licencia,
        p1_0.url_descarga,
        p1_0.vigencia_dias,
        p1_0.peso,
        p1_0.stock,
        p1_0.stock_minimo,
        p1_0.ubicacion_deposito 
    from
        productos p1_0 
    left join
        categorias c1_0 
            on c1_0.id=p1_0.categoria_id 
    where
        p1_0.id=?
]]></system-out>
  </testcase>
  <testcase name="testCalculoPolimorficoPrecios" classname="com.techstore.TechStoreApplicationTests" time="0.002"/>
</testsuite>